  BumballMachine.cpp
  ChicagoIngredientsFactory.cpp
  ClsAdapter.cpp
  CoffeeWithHook.cpp
  CurrentConditionDisplay.cpp
  DarkRoast.cpp
  DesignPattern.cpp
  DoorControlCommand.cpp
  Duck.cpp
  Espresso.cpp
  FlyNoWings.cpp
  FlyWithWings.cpp
  ForecastDisplay.cpp
  HasQuarterState.cpp
  HouseBlend.cpp
  LightControlCommand.cpp
  MallardDuck.cpp
  MarianaSauce.cpp
  Mocha.cpp
  MozzarellaCheese.cpp
  코드를 생성하고 있습니다...
  컴파일하고 있습니다...
  MultiControlCommand.cpp
  MuteQuack.cpp
  NoQuaterState.cpp
  NYIngredientsFactory.cpp
  NYPizzaStore.cpp
  OldMallardDuck.cpp
  Quack.cpp
  ReggianoCheese.cpp
  RemoteControl.cpp
  RemoteLoader.cpp
  SDarkRoast.cpp
  Singleton.cpp
  SMocha.cpp
  SoldOutState.cpp
  SoldState.cpp
  Squeak.cpp
  TeaWithHook.cpp
  ThickDough.cpp
  ThinDough.cpp
  TomatoSauce.cpp
  코드를 생성하고 있습니다...
  컴파일하고 있습니다...
  TurkeyAdapter.cpp
  WeatherData.cpp
  WildTurkey.cpp
  코드를 생성하고 있습니다...
  DesignPattern.vcxproj -> E:\luan\Tutorial\GitHub\DesignPatter\Debug\DesignPattern.exe
